<?xml version="1.0" encoding="UTF-8"?>
<testng-results skipped="0" failed="0" ignored="0" total="1" passed="1">
  <reporter-output>
  </reporter-output>
  <suite name="Suite" duration-ms="224162" started-at="2018-06-19T06:53:59Z" finished-at="2018-06-19T06:57:43Z">
    <groups>
    </groups>
    <test name="Test" duration-ms="224162" started-at="2018-06-19T06:53:59Z" finished-at="2018-06-19T06:57:43Z">
      <class name="com.TestCases.Tc_01_ValidateLogin">
        <test-method status="PASS" signature="Tc_01_ValidateLoginCredentials()[pri:0, instance:com.TestCases.Tc_01_ValidateLogin@1fc5af1]" name="Tc_01_ValidateLoginCredentials" duration-ms="222324" started-at="2018-06-19T12:24:01Z" finished-at="2018-06-19T12:27:43Z">
          <reporter-output>
          </reporter-output>
        </test-method> <!-- Tc_01_ValidateLoginCredentials -->
      </class> <!-- com.TestCases.Tc_01_ValidateLogin -->
    </test> <!-- Test -->
  </suite> <!-- Suite -->
</testng-results>
